C:\bceng2\Lab5\Debug\cl.command.1.tlog
C:\bceng2\Lab5\Debug\CL.read.1.tlog
C:\bceng2\Lab5\Debug\CL.write.1.tlog
C:\BCENG2\LAB5\DEBUG\CONSOLE.OBJ
C:\BCENG2\LAB5\DEBUG\CONSOLEGUI.OBJ
C:\bceng2\Lab5\Debug\custombuild.command.1.tlog
C:\bceng2\Lab5\Debug\custombuild.read.1.tlog
C:\bceng2\Lab5\Debug\custombuild.write.1.tlog
C:\bceng2\Lab5\Debug\link.command.1.tlog
C:\bceng2\Lab5\Debug\link.read.1.tlog
C:\bceng2\Lab5\Debug\link.read.2.tlog
C:\bceng2\Lab5\Debug\link.write.1.tlog
C:\BCENG2\LAB5\DEBUG\MOC_CONSOLEGUI.CPP
C:\BCENG2\LAB5\DEBUG\MOC_CONSOLEGUI.OBJ
C:\BCENG2\LAB5\DEBUG\MOC_USERTHREAD.CPP
C:\BCENG2\LAB5\DEBUG\MOC_USERTHREAD.OBJ
C:\bceng2\Lab5\Debug\mt.command.1.tlog
C:\bceng2\Lab5\Debug\mt.read.1.tlog
C:\bceng2\Lab5\Debug\mt.write.1.tlog
C:\BCENG2\LAB5\DEBUG\REMOTE.OBJ
C:\BCENG2\LAB5\DEBUG\RHINO.OBJ
C:\BCENG2\LAB5\DEBUG\RHINOCAM.EXE
C:\BCENG2\LAB5\DEBUG\RHINOCAM.EXE.INTERMEDIATE.MANIFEST
C:\BCENG2\LAB5\DEBUG\RHINOCAM.ILK
C:\bceng2\Lab5\Debug\rhinocam.pdb
C:\bceng2\Lab5\Debug\rhinocam.write.1.tlog
C:\BCENG2\LAB5\DEBUG\USERTHREAD.OBJ
C:\BCENG2\LAB5\DEBUG\VC100.PDB
C:\BCENG2\LAB5\DEBUG\VISION_LABS.OBJ
