Build started 11/18/2015 10:29:44 PM.
     1>Project "C:\bceng2\Lab5\visionlabs.vcxproj" on node 2 (build target(s)).
     1>InitializeBuildStatus:
         Creating "Debug\rhinocam.unsuccessfulbuild" because "AlwaysCreate" was specified.
       CustomBuild:
         All outputs are up-to-date.
       ClCompile:
         c:\Program Files (x86)\Microsoft Visual Studio 10.0\VC\bin\CL.exe /c /IC:\QtSDK\Desktop\Qt\4.8.1\msvc2010\\include\QtCore /IC:\QtSDK\Desktop\Qt\4.8.1\msvc2010\\include\QtGui /IC:\QtSDK\Desktop\Qt\4.8.1\msvc2010\\include /I. /I. /I"C:\Program Files (x86)\OpenCV\otherlibs\highgui" /I"C:\Program Files (x86)\OpenCV\cv\include" /I"C:\Program Files (x86)\OpenCV\cxcore\include" /IC:\QtSDK\Desktop\Qt\4.8.1\msvc2010\\include\ActiveQt /Idebug /I. /I"C:\QtSDK\Desktop\Qt\4.8.1\msvc2010\\mkspecs\win32-msvc2005" /Zi /nologo /W3 /WX- /Od /Oy- /D _WINDOWS /D UNICODE /D WIN32 /D QT_LARGEFILE_SUPPORT /D LAB /D VISION /D QT_DLL /D QT_GUI_LIB /D QT_CORE_LIB /D QT_THREAD_SUPPORT /Gm- /EHsc /MDd /GS- /fp:precise /Zc:wchar_t- /Zc:forScope /GR /Fo"Debug\\" /Fd"Debug\vc100.pdb" /Gd /TP /analyze- /errorReport:prompt vision_labs.cpp -Zm200 -EHsc -w34100 -w34189 -Zm200 -EHsc -w34100 -w34189 -w34100 -w34189 
         vision_labs.cpp
     1>vision_labs.cpp(449): warning C4305: 'initializing' : truncation from 'double' to 'float'
       Link:
         c:\Program Files (x86)\Microsoft Visual Studio 10.0\VC\bin\link.exe /ERRORREPORT:PROMPT /OUT:"debug\rhinocam.exe" /NOLOGO /LIBPATH:C:\QtSDK\Desktop\Qt\4.8.1\msvc2010\\lib C:\QtSDK\Desktop\Qt\4.8.1\msvc2010\\lib\qtmaind.lib "/LIBPATH:C:\Program Files (x86)\OpenCV\lib" "C:\Program Files (x86)\OpenCV\lib\cv.lib" "C:\Program Files (x86)\OpenCV\lib\highgui.lib" C:\QtSDK\Desktop\Qt\4.8.1\msvc2010\\lib\QtGuid4.lib C:\QtSDK\Desktop\Qt\4.8.1\msvc2010\\lib\QtCored4.lib kernel32.lib user32.lib gdi32.lib winspool.lib comdlg32.lib advapi32.lib shell32.lib ole32.lib oleaut32.lib uuid.lib odbc32.lib odbccp32.lib /MANIFEST /ManifestFile:"Debug\rhinocam.exe.intermediate.manifest" /MANIFESTUAC:"level='asInvoker' uiAccess='false'" /DEBUG /SUBSYSTEM:WINDOWS /TLBID:1 /DYNAMICBASE:NO /MACHINE:X86 Debug\console.obj
         Debug\ConsoleGUI.obj
         Debug\remote.obj
         Debug\rhino.obj
         Debug\UserThread.obj
         Debug\vision_labs.obj
         Debug\moc_ConsoleGUI.obj
         Debug\moc_UserThread.obj
         LINK : debug\rhinocam.exe not found or not built by the last incremental link; performing full link
     1>qtmaind.lib(qtmain_win.obj) : warning LNK4204: 'C:\bceng2\Lab5\debug\vc100.pdb' is missing debugging information for referencing module; linking object as if no debug info
         visionlabs.vcxproj -> C:\bceng2\Lab5\Debug\rhinocam.exe
       Manifest:
         C:\Program Files (x86)\Microsoft SDKs\Windows\v7.0A\bin\mt.exe /nologo /verbose /outputresource:"debug\rhinocam.exe;#1" /manifest Debug\rhinocam.exe.intermediate.manifest
       FinalizeBuildStatus:
         Deleting file "Debug\rhinocam.unsuccessfulbuild".
         Touching "Debug\rhinocam.lastbuildstate".
     1>Done Building Project "C:\bceng2\Lab5\visionlabs.vcxproj" (build target(s)).

Build succeeded.

Time Elapsed 00:00:00.85
