Build started 10/21/2015 1:57:47 PM.
     1>Project "\\ad.uillinois.edu\engr\instructional\bceng2\Desktop\lab4\Lab4.vcxproj" on node 2 (build target(s)).
     1>InitializeBuildStatus:
         Creating "Debug\Lab4.unsuccessfulbuild" because "AlwaysCreate" was specified.
       ClCompile:
         c:\Program Files (x86)\Microsoft Visual Studio 10.0\VC\bin\CL.exe /c /ZI /nologo /W3 /WX- /Od /Oy- /D WIN32 /D _DEBUG /D _CONSOLE /D ANGLES /D CARTESIAN /D _USE_MATH_DEFINES /D _UNICODE /D UNICODE /Gm /EHsc /RTC1 /MDd /GS /fp:precise /Zc:wchar_t /Zc:forScope /Fo"Debug\\" /Fd"Debug\vc100.pdb" /Gd /TP /analyze- /errorReport:prompt lab4.cpp
         lab4.cpp
     1>\\ad.uillinois.edu\engr\instructional\bceng2\desktop\lab4\lab4.cpp(47): warning C4305: 'initializing' : truncation from 'double' to 'float'
     1>\\ad.uillinois.edu\engr\instructional\bceng2\desktop\lab4\lab4.cpp(60): warning C4244: 'initializing' : conversion from 'double' to 'float', possible loss of data
     1>\\ad.uillinois.edu\engr\instructional\bceng2\desktop\lab4\lab4.cpp(63): warning C4244: 'initializing' : conversion from 'double' to 'float', possible loss of data
     1>\\ad.uillinois.edu\engr\instructional\bceng2\desktop\lab4\lab4.cpp(70): warning C4244: 'initializing' : conversion from 'double' to 'float', possible loss of data
     1>\\ad.uillinois.edu\engr\instructional\bceng2\desktop\lab4\lab4.cpp(71): warning C4244: 'initializing' : conversion from 'double' to 'float', possible loss of data
       ManifestResourceCompile:
         All outputs are up-to-date.
       Link:
         c:\Program Files (x86)\Microsoft Visual Studio 10.0\VC\bin\link.exe /ERRORREPORT:PROMPT /OUT:"\\ad.uillinois.edu\engr\Instructional\bceng2\Desktop\lab4\Debug\Lab4.exe" /INCREMENTAL /NOLOGO kernel32.lib user32.lib gdi32.lib winspool.lib comdlg32.lib advapi32.lib shell32.lib ole32.lib oleaut32.lib uuid.lib odbc32.lib odbccp32.lib /MANIFEST /ManifestFile:"Debug\Lab4.exe.intermediate.manifest" /MANIFESTUAC:"level='asInvoker' uiAccess='false'" /DEBUG /PDB:"\\ad.uillinois.edu\engr\Instructional\bceng2\Desktop\lab4\Debug\Lab4.pdb" /SUBSYSTEM:CONSOLE /TLBID:1 /DYNAMICBASE:NO /IMPLIB:"\\ad.uillinois.edu\engr\Instructional\bceng2\Desktop\lab4\Debug\Lab4.lib" /MACHINE:X86 Debug\Lab4.exe.embed.manifest.res
         Debug\lab3.obj
         Debug\lab4.obj
         Debug\remote.obj
         Debug\rhino.obj
       Manifest:
         C:\Program Files (x86)\Microsoft SDKs\Windows\v7.0A\bin\mt.exe /nologo /verbose /out:"Debug\Lab4.exe.embed.manifest" /manifest Debug\Lab4.exe.intermediate.manifest
         All outputs are up-to-date.
       LinkEmbedManifest:
         All outputs are up-to-date.
         Lab4.vcxproj -> \\ad.uillinois.edu\engr\Instructional\bceng2\Desktop\lab4\Debug\Lab4.exe
       FinalizeBuildStatus:
         Deleting file "Debug\Lab4.unsuccessfulbuild".
         Touching "Debug\Lab4.lastbuildstate".
     1>Done Building Project "\\ad.uillinois.edu\engr\instructional\bceng2\Desktop\lab4\Lab4.vcxproj" (build target(s)).

Build succeeded.

Time Elapsed 00:00:04.23
