Build started 9/30/2015 2:28:11 PM.
     1>Project "C:\Users\bceng2\ECE470Lab3\Lab3.vcxproj" on node 2 (build target(s)).
     1>InitializeBuildStatus:
         Creating "Debug\Lab3.unsuccessfulbuild" because "AlwaysCreate" was specified.
       ClCompile:
         c:\Program Files (x86)\Microsoft Visual Studio 10.0\VC\bin\CL.exe /c /ZI /nologo /W3 /WX- /Od /Oy- /D WIN32 /D _DEBUG /D _CONSOLE /D ANGLES /D _UNICODE /D UNICODE /Gm /EHsc /RTC1 /MDd /GS /fp:precise /Zc:wchar_t /Zc:forScope /Fo"Debug\\" /Fd"Debug\vc100.pdb" /Gd /TP /analyze- /errorReport:prompt lab3.cpp
         lab3.cpp
     1>c:\users\bceng2\ece470lab3\lab3.cpp(47): warning C4244: '=' : conversion from 'double' to 'float', possible loss of data
     1>c:\users\bceng2\ece470lab3\lab3.cpp(48): warning C4244: '=' : conversion from 'double' to 'float', possible loss of data
     1>c:\users\bceng2\ece470lab3\lab3.cpp(49): warning C4244: '=' : conversion from 'double' to 'float', possible loss of data
     1>c:\users\bceng2\ece470lab3\lab3.cpp(50): warning C4244: '=' : conversion from 'double' to 'float', possible loss of data
     1>c:\users\bceng2\ece470lab3\lab3.cpp(51): warning C4244: '=' : conversion from 'double' to 'float', possible loss of data
       ManifestResourceCompile:
         All outputs are up-to-date.
       Link:
         c:\Program Files (x86)\Microsoft Visual Studio 10.0\VC\bin\link.exe /ERRORREPORT:PROMPT /OUT:"C:\Users\bceng2\ECE470Lab3\Debug\Lab3.exe" /INCREMENTAL /NOLOGO kernel32.lib user32.lib gdi32.lib winspool.lib comdlg32.lib advapi32.lib shell32.lib ole32.lib oleaut32.lib uuid.lib odbc32.lib odbccp32.lib /MANIFEST /ManifestFile:"Debug\Lab3.exe.intermediate.manifest" /MANIFESTUAC:"level='asInvoker' uiAccess='false'" /DEBUG /PDB:"C:\Users\bceng2\ECE470Lab3\Debug\Lab3.pdb" /SUBSYSTEM:CONSOLE /TLBID:1 /DYNAMICBASE:NO /IMPLIB:"C:\Users\bceng2\ECE470Lab3\Debug\Lab3.lib" /MACHINE:X86 Debug\Lab3.exe.embed.manifest.res
         Debug\lab3.obj
         Debug\remote.obj
         Debug\rhino.obj
       Manifest:
         C:\Program Files (x86)\Microsoft SDKs\Windows\v7.0A\bin\mt.exe /nologo /verbose /out:"Debug\Lab3.exe.embed.manifest" /manifest Debug\Lab3.exe.intermediate.manifest
         All outputs are up-to-date.
       LinkEmbedManifest:
         All outputs are up-to-date.
         Lab3.vcxproj -> C:\Users\bceng2\ECE470Lab3\Debug\Lab3.exe
       FinalizeBuildStatus:
         Deleting file "Debug\Lab3.unsuccessfulbuild".
         Touching "Debug\Lab3.lastbuildstate".
     1>Done Building Project "C:\Users\bceng2\ECE470Lab3\Lab3.vcxproj" (build target(s)).

Build succeeded.

Time Elapsed 00:00:00.29
